
--------------------------------------------------
TXLib предупреждает:

Программа: C:\Новая папка\onegin\strsort\solver.exe,

ВНЕЗАПНО: Нарушение доступа к памяти.

#1: Исключение EXCEPTION_ACCESS_VIOLATION (0xC0000005) при выполнении кода по адресу 0x004B6646 в функции strlen_1() в файле C:/Новая папка/onegin/strsort/SizeFunctions.cpp на строке 31. Попытка прочесть данные по адресу 0x73206649 в модуле C:\Новая папка\onegin\strsort\solver.exe. Спасибо _txVectoredExceptionHandler(), что сообщил. Люблю его <3

#1: TXLib [Ver: 00173a, Rev: 174, Date: 2025-08-17 06:00:49 +0400], Instance: 0x006D83DC (32-bit), Flags: Cmdre0, Thread: 0x3168 (Main), GetLastError(): 183 (Невозможно создать файл, так как он уже существует). 

--------------------------------------------------
Стек вызовов:

# 0 0x004B6646 in C:\Новая папка\onegin\strsort\solver.exe: strlen_1() at C:/Новая папка/onegin/strsort/SizeFunctions.cpp:31:

     29: int strlen_1 (const char *str) {
     30: int c = 0;
=>   31:     for (int i = 0; str[i] != '\0' && str[i] != '\n'; i++) {
     32:         c++;
     33:     }

# 1 0x004E3E93 in C:\Новая папка\onegin\strsort\solver.exe: comparator() at C:/Новая папка/onegin/strsort/SortFunctions.cpp:21:

     19:     const char *str1 = *(char* const*) par1;
     20:     const char *str2 = *(char* const*) par2;
=>   21:     int l1 = strlen_1(str1);
     22:     printf("myau");
     23:     int l2 = strlen_1(str2);

# 2 0x004E420B in C:\Новая папка\onegin\strsort\solver.exe: my_sort() at C:/Новая папка/onegin/strsort/SortFunctions.cpp:164:

    162:           //  printf("%p\n", array_of_ptr[j]);
    163:             //printf("%d", t);
=>  164:             if (my_compare(array_of_ptr[j], array_of_ptr[j+1]) > 0) {
    165:                 printf("myau1");
    166:                 char *c = array_of_ptr[j];

# 3 0x0042DA29 in C:\Новая папка\onegin\strsort\solver.exe: main() at C:/Новая папка/onegin/strsort/main.cpp:85:

     83: 
     84:     printf("printing arrays after sorting by start\n");
=>   85:     my_sort (&text_sorted, comparator);
     86:     printf("%p", text_sorted.array_of_pointers);
     87:     fprintf(stdout, "line1 = %s\n", text_sorted.array_of_pointers[0]);

--------------------------------------------------
Developed with:

The Dumb Artist Library (TX Library)
TXLib [Ver: 00173a, Rev: 174, Date: 2025-08-17 06:00:49 +0400]
Copyright (C) Ded (Ilya Dedinsky, http://txlib.ru) <mail@txlib.ru>
See license on: http://txlib.ru

TXLib file:	c:\codeblocks\codeblocks\mingw\include\txlib.h
Compiled:	Sep 24 2025 22:27:36, GNU g++ 4.8.1, std=201103L, MinGW Runtime 3.20, 32-bit, DEBUG
Started:	Sep 24 2025 22:27:41

Run file:	C:\Новая папка\onegin\strsort\solver.exe
Directory:	C:\Новая папка\onegin\strsort

--------------------------------------------------

--------------------------------------------------
TXLib соболезнует...

Программа: C:\Новая папка\onegin\strsort\solver.exe,

ВНЕЗАПНО: signal (11, 0x00): SIGSEGV: Доступ по неверному указателю. Ставьте ассерты! 

Нарушение доступа к памяти.

#1: Исключение EXCEPTION_ACCESS_VIOLATION (0xC0000005) при выполнении кода по адресу 0x004B6646 в функции strlen_1() в файле C:/Новая папка/onegin/strsort/SizeFunctions.cpp на строке 31. Попытка прочесть данные по адресу 0x73206649 в модуле C:\Новая папка\onegin\strsort\solver.exe. Спасибо _txVectoredExceptionHandler(), что сообщил. Люблю его <3

С помощью функции signal() вы можете сами обработать эту ошибку.

#2: TXLib [Ver: 00173a, Rev: 174, Date: 2025-08-17 06:00:49 +0400], Instance: 0x006D83DC (32-bit), Flags: Cmdre0, Thread: 0x3168 (Main), GetLastError(): 183 (Невозможно создать файл, так как он уже существует). 

--------------------------------------------------
Стек вызовов:

# 0 0x004B6646 in C:\Новая папка\onegin\strsort\solver.exe: strlen_1() at C:/Новая папка/onegin/strsort/SizeFunctions.cpp:31:

     29: int strlen_1 (const char *str) {
     30: int c = 0;
=>   31:     for (int i = 0; str[i] != '\0' && str[i] != '\n'; i++) {
     32:         c++;
     33:     }

# 1 0x004E3E93 in C:\Новая папка\onegin\strsort\solver.exe: comparator() at C:/Новая папка/onegin/strsort/SortFunctions.cpp:21:

     19:     const char *str1 = *(char* const*) par1;
     20:     const char *str2 = *(char* const*) par2;
=>   21:     int l1 = strlen_1(str1);
     22:     printf("myau");
     23:     int l2 = strlen_1(str2);

# 2 0x004E420B in C:\Новая папка\onegin\strsort\solver.exe: my_sort() at C:/Новая папка/onegin/strsort/SortFunctions.cpp:164:

    162:           //  printf("%p\n", array_of_ptr[j]);
    163:             //printf("%d", t);
=>  164:             if (my_compare(array_of_ptr[j], array_of_ptr[j+1]) > 0) {
    165:                 printf("myau1");
    166:                 char *c = array_of_ptr[j];

# 3 0x0042DA29 in C:\Новая папка\onegin\strsort\solver.exe: main() at C:/Новая папка/onegin/strsort/main.cpp:85:

     83: 
     84:     printf("printing arrays after sorting by start\n");
=>   85:     my_sort (&text_sorted, comparator);
     86:     printf("%p", text_sorted.array_of_pointers);
     87:     fprintf(stdout, "line1 = %s\n", text_sorted.array_of_pointers[0]);

--------------------------------------------------
Developed with:

The Dumb Artist Library (TX Library)
TXLib [Ver: 00173a, Rev: 174, Date: 2025-08-17 06:00:49 +0400]
Copyright (C) Ded (Ilya Dedinsky, http://txlib.ru) <mail@txlib.ru>
See license on: http://txlib.ru

TXLib file:	c:\codeblocks\codeblocks\mingw\include\txlib.h
Compiled:	Sep 24 2025 22:27:36, GNU g++ 4.8.1, std=201103L, MinGW Runtime 3.20, 32-bit, DEBUG
Started:	Sep 24 2025 22:27:41

Run file:	C:\Новая папка\onegin\strsort\solver.exe
Directory:	C:\Новая папка\onegin\strsort

--------------------------------------------------

--------------------------------------------------
TXLib предупреждает:

Программа: C:\Новая папка\onegin\strsort\solver.exe,

ВНЕЗАПНО: Нарушение доступа к памяти.

#1: Исключение EXCEPTION_ACCESS_VIOLATION (0xC0000005) при выполнении кода по адресу 0x004B6646 в функции strlen_1() в файле C:/Новая папка/onegin/strsort/SizeFunctions.cpp на строке 31. Попытка прочесть данные по адресу 0x73206649 в модуле C:\Новая папка\onegin\strsort\solver.exe. Спасибо _txVectoredExceptionHandler(), что сообщил. Люблю его <3

#1: TXLib [Ver: 00173a, Rev: 174, Date: 2025-08-17 06:00:49 +0400], Instance: 0x006D83DC (32-bit), Flags: Cmdre0, Thread: 0x62E0 (Main), GetLastError(): 183 (Невозможно создать файл, так как он уже существует). 

--------------------------------------------------
Стек вызовов:

# 0 0x004B6646 in C:\Новая папка\onegin\strsort\solver.exe: strlen_1() at C:/Новая папка/onegin/strsort/SizeFunctions.cpp:31:

     29: int strlen_1 (const char *str) {
     30: int c = 0;
=>   31:     for (int i = 0; str[i] != '\0' && str[i] != '\n'; i++) {
     32:         c++;
     33:     }

# 1 0x004E3EA7 in C:\Новая папка\onegin\strsort\solver.exe: comparator() at C:/Новая папка/onegin/strsort/SortFunctions.cpp:21:

     19:     const char *str1 = *(char* const*) par1;
     20:     const char *str2 = *(char* const*) par2;
=>   21:     int l1 = strlen_1(str1);
     22:     printf("myau");
     23:     int l2 = strlen_1(str2);

# 2 0x004E421F in C:\Новая папка\onegin\strsort\solver.exe: my_sort() at C:/Новая папка/onegin/strsort/SortFunctions.cpp:164:

    162:           //  printf("%p\n", array_of_ptr[j]);
    163:             //printf("%d", t);
=>  164:             if (my_compare(array_of_ptr[j], array_of_ptr[j+1]) > 0) {
    165:                 printf("myau1");
    166:                 char *c = array_of_ptr[j];

# 3 0x0042DA29 in C:\Новая папка\onegin\strsort\solver.exe: main() at C:/Новая папка/onegin/strsort/main.cpp:85:

     83: 
     84:     printf("printing arrays after sorting by start\n");
=>   85:     my_sort (&text_sorted, comparator);
     86:     printf("%p", text_sorted.array_of_pointers);
     87:     fprintf(stdout, "line1 = %s\n", text_sorted.array_of_pointers[0]);

--------------------------------------------------
Developed with:

The Dumb Artist Library (TX Library)
TXLib [Ver: 00173a, Rev: 174, Date: 2025-08-17 06:00:49 +0400]
Copyright (C) Ded (Ilya Dedinsky, http://txlib.ru) <mail@txlib.ru>
See license on: http://txlib.ru

TXLib file:	c:\codeblocks\codeblocks\mingw\include\txlib.h
Compiled:	Sep 24 2025 22:30:38, GNU g++ 4.8.1, std=201103L, MinGW Runtime 3.20, 32-bit, DEBUG
Started:	Sep 24 2025 22:30:44

Run file:	C:\Новая папка\onegin\strsort\solver.exe
Directory:	C:\Новая папка\onegin\strsort

--------------------------------------------------

--------------------------------------------------
TXLib соболезнует...

Программа: C:\Новая папка\onegin\strsort\solver.exe,

ВНЕЗАПНО: signal (11, 0x00): SIGSEGV: Доступ по неверному указателю. Ставьте ассерты! 

Нарушение доступа к памяти.

#1: Исключение EXCEPTION_ACCESS_VIOLATION (0xC0000005) при выполнении кода по адресу 0x004B6646 в функции strlen_1() в файле C:/Новая папка/onegin/strsort/SizeFunctions.cpp на строке 31. Попытка прочесть данные по адресу 0x73206649 в модуле C:\Новая папка\onegin\strsort\solver.exe. Спасибо _txVectoredExceptionHandler(), что сообщил. Люблю его <3

С помощью функции signal() вы можете сами обработать эту ошибку.

#2: TXLib [Ver: 00173a, Rev: 174, Date: 2025-08-17 06:00:49 +0400], Instance: 0x006D83DC (32-bit), Flags: Cmdre0, Thread: 0x62E0 (Main), GetLastError(): 183 (Невозможно создать файл, так как он уже существует). 

--------------------------------------------------
Стек вызовов:

# 0 0x004B6646 in C:\Новая папка\onegin\strsort\solver.exe: strlen_1() at C:/Новая папка/onegin/strsort/SizeFunctions.cpp:31:

     29: int strlen_1 (const char *str) {
     30: int c = 0;
=>   31:     for (int i = 0; str[i] != '\0' && str[i] != '\n'; i++) {
     32:         c++;
     33:     }

# 1 0x004E3EA7 in C:\Новая папка\onegin\strsort\solver.exe: comparator() at C:/Новая папка/onegin/strsort/SortFunctions.cpp:21:

     19:     const char *str1 = *(char* const*) par1;
     20:     const char *str2 = *(char* const*) par2;
=>   21:     int l1 = strlen_1(str1);
     22:     printf("myau");
     23:     int l2 = strlen_1(str2);

# 2 0x004E421F in C:\Новая папка\onegin\strsort\solver.exe: my_sort() at C:/Новая папка/onegin/strsort/SortFunctions.cpp:164:

    162:           //  printf("%p\n", array_of_ptr[j]);
    163:             //printf("%d", t);
=>  164:             if (my_compare(array_of_ptr[j], array_of_ptr[j+1]) > 0) {
    165:                 printf("myau1");
    166:                 char *c = array_of_ptr[j];

# 3 0x0042DA29 in C:\Новая папка\onegin\strsort\solver.exe: main() at C:/Новая папка/onegin/strsort/main.cpp:85:

     83: 
     84:     printf("printing arrays after sorting by start\n");
=>   85:     my_sort (&text_sorted, comparator);
     86:     printf("%p", text_sorted.array_of_pointers);
     87:     fprintf(stdout, "line1 = %s\n", text_sorted.array_of_pointers[0]);

--------------------------------------------------
Developed with:

The Dumb Artist Library (TX Library)
TXLib [Ver: 00173a, Rev: 174, Date: 2025-08-17 06:00:49 +0400]
Copyright (C) Ded (Ilya Dedinsky, http://txlib.ru) <mail@txlib.ru>
See license on: http://txlib.ru

TXLib file:	c:\codeblocks\codeblocks\mingw\include\txlib.h
Compiled:	Sep 24 2025 22:30:38, GNU g++ 4.8.1, std=201103L, MinGW Runtime 3.20, 32-bit, DEBUG
Started:	Sep 24 2025 22:30:44

Run file:	C:\Новая папка\onegin\strsort\solver.exe
Directory:	C:\Новая папка\onegin\strsort

--------------------------------------------------

--------------------------------------------------
TXLib предупреждает:

Программа: C:\Новая папка\onegin\strsort\solver.exe,

ВНЕЗАПНО: Нарушение доступа к памяти.

#1: Исключение EXCEPTION_ACCESS_VIOLATION (0xC0000005) при выполнении кода по адресу 0x004B6646 в функции strlen_1() в файле C:/Новая папка/onegin/strsort/SizeFunctions.cpp на строке 31. Попытка прочесть данные по адресу 0x73206649 в модуле C:\Новая папка\onegin\strsort\solver.exe. Спасибо _txVectoredExceptionHandler(), что сообщил. Люблю его <3

#1: TXLib [Ver: 00173a, Rev: 174, Date: 2025-08-17 06:00:49 +0400], Instance: 0x006D83DC (32-bit), Flags: Cmdre0, Thread: 0x2354 (Main), GetLastError(): 183 (Невозможно создать файл, так как он уже существует). 

--------------------------------------------------
Стек вызовов:

# 0 0x004B6646 in C:\Новая папка\onegin\strsort\solver.exe: strlen_1() at C:/Новая папка/onegin/strsort/SizeFunctions.cpp:31:

     29: int strlen_1 (const char *str) {
     30: int c = 0;
=>   31:     for (int i = 0; str[i] != '\0' && str[i] != '\n'; i++) {
     32:         c++;
     33:     }

# 1 0x004E3EA7 in C:\Новая папка\onegin\strsort\solver.exe: comparator() at C:/Новая папка/onegin/strsort/SortFunctions.cpp:21:

     19:     const char *str1 = *(char* const*) par1;
     20:     const char *str2 = *(char* const*) par2;
=>   21:     int l1 = strlen_1(str1);
     22:     printf("myau");
     23:     int l2 = strlen_1(str2);

# 2 0x004E421F in C:\Новая папка\onegin\strsort\solver.exe: my_sort() at C:/Новая папка/onegin/strsort/SortFunctions.cpp:164:

    162:           //  printf("%p\n", array_of_ptr[j]);
    163:             //printf("%d", t);
=>  164:             if (my_compare(array_of_ptr[j], array_of_ptr[j+1]) > 0) {
    165:                 printf("myau1");
    166:                 char *c = array_of_ptr[j];

# 3 0x0042DA29 in C:\Новая папка\onegin\strsort\solver.exe: main() at C:/Новая папка/onegin/strsort/main.cpp:85:

     83: 
     84:     printf("printing arrays after sorting by start\n");
=>   85:     my_sort (&text_sorted, comparator);
     86:     printf("%p", text_sorted.array_of_pointers);
     87:     fprintf(stdout, "line1 = %s\n", text_sorted.array_of_pointers[0]);

--------------------------------------------------
Developed with:

The Dumb Artist Library (TX Library)
TXLib [Ver: 00173a, Rev: 174, Date: 2025-08-17 06:00:49 +0400]
Copyright (C) Ded (Ilya Dedinsky, http://txlib.ru) <mail@txlib.ru>
See license on: http://txlib.ru

TXLib file:	c:\codeblocks\codeblocks\mingw\include\txlib.h
Compiled:	Sep 24 2025 22:33:15, GNU g++ 4.8.1, std=201103L, MinGW Runtime 3.20, 32-bit, DEBUG
Started:	Sep 24 2025 22:33:21

Run file:	C:\Новая папка\onegin\strsort\solver.exe
Directory:	C:\Новая папка\onegin\strsort

--------------------------------------------------

--------------------------------------------------
TXLib соболезнует...

Программа: C:\Новая папка\onegin\strsort\solver.exe,

ВНЕЗАПНО: signal (11, 0x00): SIGSEGV: Доступ по неверному указателю. Ставьте ассерты! 

Нарушение доступа к памяти.

#1: Исключение EXCEPTION_ACCESS_VIOLATION (0xC0000005) при выполнении кода по адресу 0x004B6646 в функции strlen_1() в файле C:/Новая папка/onegin/strsort/SizeFunctions.cpp на строке 31. Попытка прочесть данные по адресу 0x73206649 в модуле C:\Новая папка\onegin\strsort\solver.exe. Спасибо _txVectoredExceptionHandler(), что сообщил. Люблю его <3

С помощью функции signal() вы можете сами обработать эту ошибку.

#2: TXLib [Ver: 00173a, Rev: 174, Date: 2025-08-17 06:00:49 +0400], Instance: 0x006D83DC (32-bit), Flags: Cmdre0, Thread: 0x2354 (Main), GetLastError(): 183 (Невозможно создать файл, так как он уже существует). 

--------------------------------------------------
Стек вызовов:

# 0 0x004B6646 in C:\Новая папка\onegin\strsort\solver.exe: strlen_1() at C:/Новая папка/onegin/strsort/SizeFunctions.cpp:31:

     29: int strlen_1 (const char *str) {
     30: int c = 0;
=>   31:     for (int i = 0; str[i] != '\0' && str[i] != '\n'; i++) {
     32:         c++;
     33:     }

# 1 0x004E3EA7 in C:\Новая папка\onegin\strsort\solver.exe: comparator() at C:/Новая папка/onegin/strsort/SortFunctions.cpp:21:

     19:     const char *str1 = *(char* const*) par1;
     20:     const char *str2 = *(char* const*) par2;
=>   21:     int l1 = strlen_1(str1);
     22:     printf("myau");
     23:     int l2 = strlen_1(str2);

# 2 0x004E421F in C:\Новая папка\onegin\strsort\solver.exe: my_sort() at C:/Новая папка/onegin/strsort/SortFunctions.cpp:164:

    162:           //  printf("%p\n", array_of_ptr[j]);
    163:             //printf("%d", t);
=>  164:             if (my_compare(array_of_ptr[j], array_of_ptr[j+1]) > 0) {
    165:                 printf("myau1");
    166:                 char *c = array_of_ptr[j];

# 3 0x0042DA29 in C:\Новая папка\onegin\strsort\solver.exe: main() at C:/Новая папка/onegin/strsort/main.cpp:85:

     83: 
     84:     printf("printing arrays after sorting by start\n");
=>   85:     my_sort (&text_sorted, comparator);
     86:     printf("%p", text_sorted.array_of_pointers);
     87:     fprintf(stdout, "line1 = %s\n", text_sorted.array_of_pointers[0]);

--------------------------------------------------
Developed with:

The Dumb Artist Library (TX Library)
TXLib [Ver: 00173a, Rev: 174, Date: 2025-08-17 06:00:49 +0400]
Copyright (C) Ded (Ilya Dedinsky, http://txlib.ru) <mail@txlib.ru>
See license on: http://txlib.ru

TXLib file:	c:\codeblocks\codeblocks\mingw\include\txlib.h
Compiled:	Sep 24 2025 22:33:15, GNU g++ 4.8.1, std=201103L, MinGW Runtime 3.20, 32-bit, DEBUG
Started:	Sep 24 2025 22:33:21

Run file:	C:\Новая папка\onegin\strsort\solver.exe
Directory:	C:\Новая папка\onegin\strsort

--------------------------------------------------

--------------------------------------------------
TXLib предупреждает:

Программа: C:\Новая папка\onegin\strsort\solver.exe,

ВНЕЗАПНО: Нарушение доступа к памяти.

#1: Исключение EXCEPTION_ACCESS_VIOLATION (0xC0000005) при выполнении кода по адресу 0x004B663B в функции strlen_1() в файле C:/Новая папка/onegin/strsort/SizeFunctions.cpp на строке 31. Попытка прочесть данные по адресу 0x73206649 в модуле C:\Новая папка\onegin\strsort\solver.exe. Спасибо _txVectoredExceptionHandler(), что сообщил. Люблю его <3

#1: TXLib [Ver: 00173a, Rev: 174, Date: 2025-08-17 06:00:49 +0400], Instance: 0x006D83DC (32-bit), Flags: Cmdre0, Thread: 0x6AF0 (Main), GetLastError(): 183 (Невозможно создать файл, так как он уже существует). 

--------------------------------------------------
Стек вызовов:

# 0 0x004B663B in C:\Новая папка\onegin\strsort\solver.exe: strlen_1() at C:/Новая папка/onegin/strsort/SizeFunctions.cpp:31:

     29: int strlen_1 (const char *str) {
     30:     int i = 0;
=>   31:     while (str[i] != '\0' && str[i] != '\n') {
     32:         i++;
     33:     }

# 1 0x004E3E87 in C:\Новая папка\onegin\strsort\solver.exe: comparator() at C:/Новая папка/onegin/strsort/SortFunctions.cpp:21:

     19:     const char *str1 = *(char* const*) par1;
     20:     const char *str2 = *(char* const*) par2;
=>   21:     int l1 = strlen_1(str1);
     22:     printf("myau");
     23:     int l2 = strlen_1(str2);

# 2 0x004E41FF in C:\Новая папка\onegin\strsort\solver.exe: my_sort() at C:/Новая папка/onegin/strsort/SortFunctions.cpp:164:

    162:           //  printf("%p\n", array_of_ptr[j]);
    163:             //printf("%d", t);
=>  164:             if (my_compare(array_of_ptr[j], array_of_ptr[j+1]) > 0) {
    165:                 printf("myau1");
    166:                 char *c = array_of_ptr[j];

# 3 0x0042DA29 in C:\Новая папка\onegin\strsort\solver.exe: main() at C:/Новая папка/onegin/strsort/main.cpp:85:

     83: 
     84:     printf("printing arrays after sorting by start\n");
=>   85:     my_sort (&text_sorted, comparator);
     86:     printf("%p", text_sorted.array_of_pointers);
     87:     fprintf(stdout, "line1 = %s\n", text_sorted.array_of_pointers[0]);

--------------------------------------------------
Developed with:

The Dumb Artist Library (TX Library)
TXLib [Ver: 00173a, Rev: 174, Date: 2025-08-17 06:00:49 +0400]
Copyright (C) Ded (Ilya Dedinsky, http://txlib.ru) <mail@txlib.ru>
See license on: http://txlib.ru

TXLib file:	c:\codeblocks\codeblocks\mingw\include\txlib.h
Compiled:	Sep 24 2025 22:37:22, GNU g++ 4.8.1, std=201103L, MinGW Runtime 3.20, 32-bit, DEBUG
Started:	Sep 24 2025 22:37:26

Run file:	C:\Новая папка\onegin\strsort\solver.exe
Directory:	C:\Новая папка\onegin\strsort

--------------------------------------------------

--------------------------------------------------
TXLib соболезнует...

Программа: C:\Новая папка\onegin\strsort\solver.exe,

ВНЕЗАПНО: signal (11, 0x00): SIGSEGV: Доступ по неверному указателю. Ставьте ассерты! 

Нарушение доступа к памяти.

#1: Исключение EXCEPTION_ACCESS_VIOLATION (0xC0000005) при выполнении кода по адресу 0x004B663B в функции strlen_1() в файле C:/Новая папка/onegin/strsort/SizeFunctions.cpp на строке 31. Попытка прочесть данные по адресу 0x73206649 в модуле C:\Новая папка\onegin\strsort\solver.exe. Спасибо _txVectoredExceptionHandler(), что сообщил. Люблю его <3

С помощью функции signal() вы можете сами обработать эту ошибку.

#2: TXLib [Ver: 00173a, Rev: 174, Date: 2025-08-17 06:00:49 +0400], Instance: 0x006D83DC (32-bit), Flags: Cmdre0, Thread: 0x6AF0 (Main), GetLastError(): 183 (Невозможно создать файл, так как он уже существует). 

--------------------------------------------------
Стек вызовов:

# 0 0x004B663B in C:\Новая папка\onegin\strsort\solver.exe: strlen_1() at C:/Новая папка/onegin/strsort/SizeFunctions.cpp:31:

     29: int strlen_1 (const char *str) {
     30:     int i = 0;
=>   31:     while (str[i] != '\0' && str[i] != '\n') {
     32:         i++;
     33:     }

# 1 0x004E3E87 in C:\Новая папка\onegin\strsort\solver.exe: comparator() at C:/Новая папка/onegin/strsort/SortFunctions.cpp:21:

     19:     const char *str1 = *(char* const*) par1;
     20:     const char *str2 = *(char* const*) par2;
=>   21:     int l1 = strlen_1(str1);
     22:     printf("myau");
     23:     int l2 = strlen_1(str2);

# 2 0x004E41FF in C:\Новая папка\onegin\strsort\solver.exe: my_sort() at C:/Новая папка/onegin/strsort/SortFunctions.cpp:164:

    162:           //  printf("%p\n", array_of_ptr[j]);
    163:             //printf("%d", t);
=>  164:             if (my_compare(array_of_ptr[j], array_of_ptr[j+1]) > 0) {
    165:                 printf("myau1");
    166:                 char *c = array_of_ptr[j];

# 3 0x0042DA29 in C:\Новая папка\onegin\strsort\solver.exe: main() at C:/Новая папка/onegin/strsort/main.cpp:85:

     83: 
     84:     printf("printing arrays after sorting by start\n");
=>   85:     my_sort (&text_sorted, comparator);
     86:     printf("%p", text_sorted.array_of_pointers);
     87:     fprintf(stdout, "line1 = %s\n", text_sorted.array_of_pointers[0]);

--------------------------------------------------
Developed with:

The Dumb Artist Library (TX Library)
TXLib [Ver: 00173a, Rev: 174, Date: 2025-08-17 06:00:49 +0400]
Copyright (C) Ded (Ilya Dedinsky, http://txlib.ru) <mail@txlib.ru>
See license on: http://txlib.ru

TXLib file:	c:\codeblocks\codeblocks\mingw\include\txlib.h
Compiled:	Sep 24 2025 22:37:22, GNU g++ 4.8.1, std=201103L, MinGW Runtime 3.20, 32-bit, DEBUG
Started:	Sep 24 2025 22:37:26

Run file:	C:\Новая папка\onegin\strsort\solver.exe
Directory:	C:\Новая папка\onegin\strsort

--------------------------------------------------

--------------------------------------------------
TXLib предупреждает:

Программа: C:\Новая папка\onegin\strsort\solver.exe,

ВНЕЗАПНО: Нарушение доступа к памяти.

#1: Исключение EXCEPTION_ACCESS_VIOLATION (0xC0000005) при выполнении кода по адресу 0x004B665D в функции strlen_1() в файле C:/Новая папка/onegin/strsort/SizeFunctions.cpp на строке 32. Попытка прочесть данные по адресу 0x73206649 в модуле C:\Новая папка\onegin\strsort\solver.exe. Спасибо _txVectoredExceptionHandler(), что сообщил. Люблю его <3

#1: TXLib [Ver: 00173a, Rev: 174, Date: 2025-08-17 06:00:49 +0400], Instance: 0x006D83DC (32-bit), Flags: Cmdre0, Thread: 0x69D8 (Main), GetLastError(): 183 (Невозможно создать файл, так как он уже существует). 

--------------------------------------------------
Стек вызовов:

# 0 0x004B665D in C:\Новая папка\onegin\strsort\solver.exe: strlen_1() at C:/Новая папка/onegin/strsort/SizeFunctions.cpp:32:

     30:     int i = 0;
     31:     assert(str != NULL);
=>   32:     while (str[i] != '\0' && str[i] != '\n') {
     33:         i++;
     34:     }

# 1 0x004E3EAB in C:\Новая папка\onegin\strsort\solver.exe: comparator() at C:/Новая папка/onegin/strsort/SortFunctions.cpp:21:

     19:     const char *str1 = *(char* const*) par1;
     20:     const char *str2 = *(char* const*) par2;
=>   21:     int l1 = strlen_1(str1);
     22:     printf("myau");
     23:     int l2 = strlen_1(str2);

# 2 0x004E4223 in C:\Новая папка\onegin\strsort\solver.exe: my_sort() at C:/Новая папка/onegin/strsort/SortFunctions.cpp:164:

    162:           //  printf("%p\n", array_of_ptr[j]);
    163:             //printf("%d", t);
=>  164:             if (my_compare(array_of_ptr[j], array_of_ptr[j+1]) > 0) {
    165:                 printf("myau1");
    166:                 char *c = array_of_ptr[j];

# 3 0x0042DA29 in C:\Новая папка\onegin\strsort\solver.exe: main() at C:/Новая папка/onegin/strsort/main.cpp:85:

     83: 
     84:     printf("printing arrays after sorting by start\n");
=>   85:     my_sort (&text_sorted, comparator);
     86:     printf("%p", text_sorted.array_of_pointers);
     87:     fprintf(stdout, "line1 = %s\n", text_sorted.array_of_pointers[0]);

--------------------------------------------------
Developed with:

The Dumb Artist Library (TX Library)
TXLib [Ver: 00173a, Rev: 174, Date: 2025-08-17 06:00:49 +0400]
Copyright (C) Ded (Ilya Dedinsky, http://txlib.ru) <mail@txlib.ru>
See license on: http://txlib.ru

TXLib file:	c:\codeblocks\codeblocks\mingw\include\txlib.h
Compiled:	Sep 24 2025 22:58:52, GNU g++ 4.8.1, std=201103L, MinGW Runtime 3.20, 32-bit, DEBUG
Started:	Sep 24 2025 22:58:57

Run file:	C:\Новая папка\onegin\strsort\solver.exe
Directory:	C:\Новая папка\onegin\strsort

--------------------------------------------------

--------------------------------------------------
TXLib соболезнует...

Программа: C:\Новая папка\onegin\strsort\solver.exe,

ВНЕЗАПНО: signal (11, 0x00): SIGSEGV: Доступ по неверному указателю. Ставьте ассерты! 

Нарушение доступа к памяти.

#1: Исключение EXCEPTION_ACCESS_VIOLATION (0xC0000005) при выполнении кода по адресу 0x004B665D в функции strlen_1() в файле C:/Новая папка/onegin/strsort/SizeFunctions.cpp на строке 32. Попытка прочесть данные по адресу 0x73206649 в модуле C:\Новая папка\onegin\strsort\solver.exe. Спасибо _txVectoredExceptionHandler(), что сообщил. Люблю его <3

С помощью функции signal() вы можете сами обработать эту ошибку.

#2: TXLib [Ver: 00173a, Rev: 174, Date: 2025-08-17 06:00:49 +0400], Instance: 0x006D83DC (32-bit), Flags: Cmdre0, Thread: 0x69D8 (Main), GetLastError(): 183 (Невозможно создать файл, так как он уже существует). 

--------------------------------------------------
Стек вызовов:

# 0 0x004B665D in C:\Новая папка\onegin\strsort\solver.exe: strlen_1() at C:/Новая папка/onegin/strsort/SizeFunctions.cpp:32:

     30:     int i = 0;
     31:     assert(str != NULL);
=>   32:     while (str[i] != '\0' && str[i] != '\n') {
     33:         i++;
     34:     }

# 1 0x004E3EAB in C:\Новая папка\onegin\strsort\solver.exe: comparator() at C:/Новая папка/onegin/strsort/SortFunctions.cpp:21:

     19:     const char *str1 = *(char* const*) par1;
     20:     const char *str2 = *(char* const*) par2;
=>   21:     int l1 = strlen_1(str1);
     22:     printf("myau");
     23:     int l2 = strlen_1(str2);

# 2 0x004E4223 in C:\Новая папка\onegin\strsort\solver.exe: my_sort() at C:/Новая папка/onegin/strsort/SortFunctions.cpp:164:

    162:           //  printf("%p\n", array_of_ptr[j]);
    163:             //printf("%d", t);
=>  164:             if (my_compare(array_of_ptr[j], array_of_ptr[j+1]) > 0) {
    165:                 printf("myau1");
    166:                 char *c = array_of_ptr[j];

# 3 0x0042DA29 in C:\Новая папка\onegin\strsort\solver.exe: main() at C:/Новая папка/onegin/strsort/main.cpp:85:

     83: 
     84:     printf("printing arrays after sorting by start\n");
=>   85:     my_sort (&text_sorted, comparator);
     86:     printf("%p", text_sorted.array_of_pointers);
     87:     fprintf(stdout, "line1 = %s\n", text_sorted.array_of_pointers[0]);

--------------------------------------------------
Developed with:

The Dumb Artist Library (TX Library)
TXLib [Ver: 00173a, Rev: 174, Date: 2025-08-17 06:00:49 +0400]
Copyright (C) Ded (Ilya Dedinsky, http://txlib.ru) <mail@txlib.ru>
See license on: http://txlib.ru

TXLib file:	c:\codeblocks\codeblocks\mingw\include\txlib.h
Compiled:	Sep 24 2025 22:58:52, GNU g++ 4.8.1, std=201103L, MinGW Runtime 3.20, 32-bit, DEBUG
Started:	Sep 24 2025 22:58:57

Run file:	C:\Новая папка\onegin\strsort\solver.exe
Directory:	C:\Новая папка\onegin\strsort

--------------------------------------------------

--------------------------------------------------
TXLib предупреждает:

Программа: C:\Новая папка\onegin\strsort\solver.exe,

ВНЕЗАПНО: Нарушение доступа к памяти.

#1: Исключение EXCEPTION_ACCESS_VIOLATION (0xC0000005) при выполнении кода по адресу 0x004B668E в функции strlen_1() в файле C:/Новая папка/onegin/strsort/SizeFunctions.cpp на строке 31. Попытка прочесть данные по адресу 0x73206649 в модуле C:\Новая папка\onegin\strsort\solver.exe. Спасибо _txVectoredExceptionHandler(), что сообщил. Люблю его <3

#1: TXLib [Ver: 00173a, Rev: 174, Date: 2025-08-17 06:00:49 +0400], Instance: 0x006D83DC (32-bit), Flags: Cmdre0, Thread: 0x68BC (Main), GetLastError(): 183 (Невозможно создать файл, так как он уже существует). 

--------------------------------------------------
Стек вызовов:

# 0 0x004B668E in C:\Новая папка\onegin\strsort\solver.exe: strlen_1() at C:/Новая папка/onegin/strsort/SizeFunctions.cpp:31:

     29: int strlen_1 (const char *str) {
     30:     int i = 0;
=>   31:     while (str[i] != '\0' && str[i] != '\n') {
     32:         assert(str != NULL);
     33:         fprintf(stderr, "str[%d] = %c\n", i, str[i]);

# 1 0x004E3EDB in C:\Новая папка\onegin\strsort\solver.exe: comparator() at C:/Новая папка/onegin/strsort/SortFunctions.cpp:21:

     19:     const char *str1 = *(char* const*) par1;
     20:     const char *str2 = *(char* const*) par2;
=>   21:     int l1 = strlen_1(str1);
     22:     printf("myau");
     23:     int l2 = strlen_1(str2);

# 2 0x004E4253 in C:\Новая папка\onegin\strsort\solver.exe: my_sort() at C:/Новая папка/onegin/strsort/SortFunctions.cpp:164:

    162:           //  printf("%p\n", array_of_ptr[j]);
    163:             //printf("%d", t);
=>  164:             if (my_compare(array_of_ptr[j], array_of_ptr[j+1]) > 0) {
    165:                 printf("myau1");
    166:                 char *c = array_of_ptr[j];

# 3 0x0042DA29 in C:\Новая папка\onegin\strsort\solver.exe: main() at C:/Новая папка/onegin/strsort/main.cpp:85:

     83: 
     84:     printf("printing arrays after sorting by start\n");
=>   85:     my_sort (&text_sorted, comparator);
     86:     printf("%p", text_sorted.array_of_pointers);
     87:     fprintf(stdout, "line1 = %s\n", text_sorted.array_of_pointers[0]);

--------------------------------------------------
Developed with:

The Dumb Artist Library (TX Library)
TXLib [Ver: 00173a, Rev: 174, Date: 2025-08-17 06:00:49 +0400]
Copyright (C) Ded (Ilya Dedinsky, http://txlib.ru) <mail@txlib.ru>
See license on: http://txlib.ru

TXLib file:	c:\codeblocks\codeblocks\mingw\include\txlib.h
Compiled:	Sep 24 2025 23:01:16, GNU g++ 4.8.1, std=201103L, MinGW Runtime 3.20, 32-bit, DEBUG
Started:	Sep 24 2025 23:01:27

Run file:	C:\Новая папка\onegin\strsort\solver.exe
Directory:	C:\Новая папка\onegin\strsort

--------------------------------------------------

--------------------------------------------------
TXLib соболезнует...

Программа: C:\Новая папка\onegin\strsort\solver.exe,

ВНЕЗАПНО: signal (11, 0x00): SIGSEGV: Доступ по неверному указателю. Ставьте ассерты! 

Нарушение доступа к памяти.

#1: Исключение EXCEPTION_ACCESS_VIOLATION (0xC0000005) при выполнении кода по адресу 0x004B668E в функции strlen_1() в файле C:/Новая папка/onegin/strsort/SizeFunctions.cpp на строке 31. Попытка прочесть данные по адресу 0x73206649 в модуле C:\Новая папка\onegin\strsort\solver.exe. Спасибо _txVectoredExceptionHandler(), что сообщил. Люблю его <3

С помощью функции signal() вы можете сами обработать эту ошибку.

#2: TXLib [Ver: 00173a, Rev: 174, Date: 2025-08-17 06:00:49 +0400], Instance: 0x006D83DC (32-bit), Flags: Cmdre0, Thread: 0x68BC (Main), GetLastError(): 183 (Невозможно создать файл, так как он уже существует). 

--------------------------------------------------
Стек вызовов:

# 0 0x004B668E in C:\Новая папка\onegin\strsort\solver.exe: strlen_1() at C:/Новая папка/onegin/strsort/SizeFunctions.cpp:31:

     29: int strlen_1 (const char *str) {
     30:     int i = 0;
=>   31:     while (str[i] != '\0' && str[i] != '\n') {
     32:         assert(str != NULL);
     33:         fprintf(stderr, "str[%d] = %c\n", i, str[i]);

# 1 0x004E3EDB in C:\Новая папка\onegin\strsort\solver.exe: comparator() at C:/Новая папка/onegin/strsort/SortFunctions.cpp:21:

     19:     const char *str1 = *(char* const*) par1;
     20:     const char *str2 = *(char* const*) par2;
=>   21:     int l1 = strlen_1(str1);
     22:     printf("myau");
     23:     int l2 = strlen_1(str2);

# 2 0x004E4253 in C:\Новая папка\onegin\strsort\solver.exe: my_sort() at C:/Новая папка/onegin/strsort/SortFunctions.cpp:164:

    162:           //  printf("%p\n", array_of_ptr[j]);
    163:             //printf("%d", t);
=>  164:             if (my_compare(array_of_ptr[j], array_of_ptr[j+1]) > 0) {
    165:                 printf("myau1");
    166:                 char *c = array_of_ptr[j];

# 3 0x0042DA29 in C:\Новая папка\onegin\strsort\solver.exe: main() at C:/Новая папка/onegin/strsort/main.cpp:85:

     83: 
     84:     printf("printing arrays after sorting by start\n");
=>   85:     my_sort (&text_sorted, comparator);
     86:     printf("%p", text_sorted.array_of_pointers);
     87:     fprintf(stdout, "line1 = %s\n", text_sorted.array_of_pointers[0]);

--------------------------------------------------
Developed with:

The Dumb Artist Library (TX Library)
TXLib [Ver: 00173a, Rev: 174, Date: 2025-08-17 06:00:49 +0400]
Copyright (C) Ded (Ilya Dedinsky, http://txlib.ru) <mail@txlib.ru>
See license on: http://txlib.ru

TXLib file:	c:\codeblocks\codeblocks\mingw\include\txlib.h
Compiled:	Sep 24 2025 23:01:16, GNU g++ 4.8.1, std=201103L, MinGW Runtime 3.20, 32-bit, DEBUG
Started:	Sep 24 2025 23:01:27

Run file:	C:\Новая папка\onegin\strsort\solver.exe
Directory:	C:\Новая папка\onegin\strsort

--------------------------------------------------

--------------------------------------------------
TXLib предупреждает:

Программа: C:\Новая папка\onegin\strsort\solver.exe,

ВНЕЗАПНО: Нарушение доступа к памяти.

#1: Исключение EXCEPTION_ACCESS_VIOLATION (0xC0000005) при выполнении кода по адресу 0x004B66EE в функции strlen_1() в файле C:/Новая папка/onegin/strsort/SizeFunctions.cpp на строке 33. Попытка прочесть данные по адресу 0x73206649 в модуле C:\Новая папка\onegin\strsort\solver.exe. Спасибо _txVectoredExceptionHandler(), что сообщил. Люблю его <3

#1: TXLib [Ver: 00173a, Rev: 174, Date: 2025-08-17 06:00:49 +0400], Instance: 0x006D83DC (32-bit), Flags: Cmdre0, Thread: 0x6500 (Main), GetLastError(): 183 (Невозможно создать файл, так как он уже существует). 

--------------------------------------------------
Стек вызовов:

# 0 0x004B66EE in C:\Новая папка\onegin\strsort\solver.exe: strlen_1() at C:/Новая папка/onegin/strsort/SizeFunctions.cpp:33:

     31:     assert(str != NULL);
     32:     fprintf(stderr, "str = %p\n", str);
=>   33:     while (str[i] != '\0' && str[i] != '\n') {
     34:         assert(str != NULL);
     35:         fprintf(stderr, "str = %p\n", str);

# 1 0x004E3F3F in C:\Новая папка\onegin\strsort\solver.exe: comparator() at C:/Новая папка/onegin/strsort/SortFunctions.cpp:21:

     19:     const char *str1 = *(char* const*) par1;
     20:     const char *str2 = *(char* const*) par2;
=>   21:     int l1 = strlen_1(str1);
     22:     printf("myau");
     23:     int l2 = strlen_1(str2);

# 2 0x004E42B7 in C:\Новая папка\onegin\strsort\solver.exe: my_sort() at C:/Новая папка/onegin/strsort/SortFunctions.cpp:164:

    162:           //  printf("%p\n", array_of_ptr[j]);
    163:             //printf("%d", t);
=>  164:             if (my_compare(array_of_ptr[j], array_of_ptr[j+1]) > 0) {
    165:                 printf("myau1");
    166:                 char *c = array_of_ptr[j];

# 3 0x0042DA29 in C:\Новая папка\onegin\strsort\solver.exe: main() at C:/Новая папка/onegin/strsort/main.cpp:85:

     83: 
     84:     printf("printing arrays after sorting by start\n");
=>   85:     my_sort (&text_sorted, comparator);
     86:     printf("%p", text_sorted.array_of_pointers);
     87:     fprintf(stdout, "line1 = %s\n", text_sorted.array_of_pointers[0]);

--------------------------------------------------
Developed with:

The Dumb Artist Library (TX Library)
TXLib [Ver: 00173a, Rev: 174, Date: 2025-08-17 06:00:49 +0400]
Copyright (C) Ded (Ilya Dedinsky, http://txlib.ru) <mail@txlib.ru>
See license on: http://txlib.ru

TXLib file:	c:\codeblocks\codeblocks\mingw\include\txlib.h
Compiled:	Sep 24 2025 23:02:58, GNU g++ 4.8.1, std=201103L, MinGW Runtime 3.20, 32-bit, DEBUG
Started:	Sep 24 2025 23:03:02

Run file:	C:\Новая папка\onegin\strsort\solver.exe
Directory:	C:\Новая папка\onegin\strsort

--------------------------------------------------

--------------------------------------------------
TXLib соболезнует...

Программа: C:\Новая папка\onegin\strsort\solver.exe,

ВНЕЗАПНО: signal (11, 0x00): SIGSEGV: Доступ по неверному указателю. Ставьте ассерты! 

Нарушение доступа к памяти.

#1: Исключение EXCEPTION_ACCESS_VIOLATION (0xC0000005) при выполнении кода по адресу 0x004B66EE в функции strlen_1() в файле C:/Новая папка/onegin/strsort/SizeFunctions.cpp на строке 33. Попытка прочесть данные по адресу 0x73206649 в модуле C:\Новая папка\onegin\strsort\solver.exe. Спасибо _txVectoredExceptionHandler(), что сообщил. Люблю его <3

С помощью функции signal() вы можете сами обработать эту ошибку.

#2: TXLib [Ver: 00173a, Rev: 174, Date: 2025-08-17 06:00:49 +0400], Instance: 0x006D83DC (32-bit), Flags: Cmdre0, Thread: 0x6500 (Main), GetLastError(): 183 (Невозможно создать файл, так как он уже существует). 

--------------------------------------------------
Стек вызовов:

# 0 0x004B66EE in C:\Новая папка\onegin\strsort\solver.exe: strlen_1() at C:/Новая папка/onegin/strsort/SizeFunctions.cpp:33:

     31:     assert(str != NULL);
     32:     fprintf(stderr, "str = %p\n", str);
=>   33:     while (str[i] != '\0' && str[i] != '\n') {
     34:         assert(str != NULL);
     35:         fprintf(stderr, "str = %p\n", str);

# 1 0x004E3F3F in C:\Новая папка\onegin\strsort\solver.exe: comparator() at C:/Новая папка/onegin/strsort/SortFunctions.cpp:21:

     19:     const char *str1 = *(char* const*) par1;
     20:     const char *str2 = *(char* const*) par2;
=>   21:     int l1 = strlen_1(str1);
     22:     printf("myau");
     23:     int l2 = strlen_1(str2);

# 2 0x004E42B7 in C:\Новая папка\onegin\strsort\solver.exe: my_sort() at C:/Новая папка/onegin/strsort/SortFunctions.cpp:164:

    162:           //  printf("%p\n", array_of_ptr[j]);
    163:             //printf("%d", t);
=>  164:             if (my_compare(array_of_ptr[j], array_of_ptr[j+1]) > 0) {
    165:                 printf("myau1");
    166:                 char *c = array_of_ptr[j];

# 3 0x0042DA29 in C:\Новая папка\onegin\strsort\solver.exe: main() at C:/Новая папка/onegin/strsort/main.cpp:85:

     83: 
     84:     printf("printing arrays after sorting by start\n");
=>   85:     my_sort (&text_sorted, comparator);
     86:     printf("%p", text_sorted.array_of_pointers);
     87:     fprintf(stdout, "line1 = %s\n", text_sorted.array_of_pointers[0]);

--------------------------------------------------
Developed with:

The Dumb Artist Library (TX Library)
TXLib [Ver: 00173a, Rev: 174, Date: 2025-08-17 06:00:49 +0400]
Copyright (C) Ded (Ilya Dedinsky, http://txlib.ru) <mail@txlib.ru>
See license on: http://txlib.ru

TXLib file:	c:\codeblocks\codeblocks\mingw\include\txlib.h
Compiled:	Sep 24 2025 23:02:58, GNU g++ 4.8.1, std=201103L, MinGW Runtime 3.20, 32-bit, DEBUG
Started:	Sep 24 2025 23:03:02

Run file:	C:\Новая папка\onegin\strsort\solver.exe
Directory:	C:\Новая папка\onegin\strsort

--------------------------------------------------

--------------------------------------------------
TXLib предупреждает:

Программа: C:\Новая папка\onegin\strsort\solver.exe,

ВНЕЗАПНО: Нарушение доступа к памяти.

#1: Исключение EXCEPTION_ACCESS_VIOLATION (0xC0000005) при выполнении кода по адресу 0x7682EE84 в функции ungetwc(). Попытка прочесть данные по адресу 0x73206649 в модуле C:\WINDOWS\System32\msvcrt.dll. Спасибо _txVectoredExceptionHandler(), что сообщил. Люблю его <3

#1: TXLib [Ver: 00173a, Rev: 174, Date: 2025-08-17 06:00:49 +0400], Instance: 0x006D83DC (32-bit), Flags: Cmdre0, Thread: 0x66A4 (Main), GetLastError(): 183 (Невозможно создать файл, так как он уже существует). 

--------------------------------------------------
Стек вызовов:

# 0 0x7682EE84 in C:\WINDOWS\System32\msvcrt.dll: ungetwc()
# 1 0x76827030 in C:\WINDOWS\System32\msvcrt.dll: fprintf()

# 2 0x004B6667 in C:\Новая папка\onegin\strsort\solver.exe: strlen_1() at C:/Новая папка/onegin/strsort/SizeFunctions.cpp:31:

     29: int strlen_1 (const char *str) {
     30:     assert(str != NULL);
=>   31:     fprintf(stderr, "str = %s\n", str);
     32:     int i = 0;
     33:     assert(str != NULL);

# 3 0x004E3F7F in C:\Новая папка\onegin\strsort\solver.exe: comparator() at C:/Новая папка/onegin/strsort/SortFunctions.cpp:21:

     19:     const char *str1 = *(char* const*) par1;
     20:     const char *str2 = *(char* const*) par2;
=>   21:     int l1 = strlen_1(str1);
     22:     printf("myau");
     23:     int l2 = strlen_1(str2);

# 4 0x004E42F7 in C:\Новая папка\onegin\strsort\solver.exe: my_sort() at C:/Новая папка/onegin/strsort/SortFunctions.cpp:164:

    162:           //  printf("%p\n", array_of_ptr[j]);
    163:             //printf("%d", t);
=>  164:             if (my_compare(array_of_ptr[j], array_of_ptr[j+1]) > 0) {
    165:                 printf("myau1");
    166:                 char *c = array_of_ptr[j];

# 5 0x0042DA29 in C:\Новая папка\onegin\strsort\solver.exe: main() at C:/Новая папка/onegin/strsort/main.cpp:85:

     83: 
     84:     printf("printing arrays after sorting by start\n");
=>   85:     my_sort (&text_sorted, comparator);
     86:     printf("%p", text_sorted.array_of_pointers);
     87:     fprintf(stdout, "line1 = %s\n", text_sorted.array_of_pointers[0]);

--------------------------------------------------
Developed with:

The Dumb Artist Library (TX Library)
TXLib [Ver: 00173a, Rev: 174, Date: 2025-08-17 06:00:49 +0400]
Copyright (C) Ded (Ilya Dedinsky, http://txlib.ru) <mail@txlib.ru>
See license on: http://txlib.ru

TXLib file:	c:\codeblocks\codeblocks\mingw\include\txlib.h
Compiled:	Sep 24 2025 23:08:04, GNU g++ 4.8.1, std=201103L, MinGW Runtime 3.20, 32-bit, DEBUG
Started:	Sep 24 2025 23:08:12

Run file:	C:\Новая папка\onegin\strsort\solver.exe
Directory:	C:\Новая папка\onegin\strsort

--------------------------------------------------

--------------------------------------------------
TXLib соболезнует...

Программа: C:\Новая папка\onegin\strsort\solver.exe,

ВНЕЗАПНО: signal (11, 0x00): SIGSEGV: Доступ по неверному указателю. Ставьте ассерты! 

Нарушение доступа к памяти.

#1: Исключение EXCEPTION_ACCESS_VIOLATION (0xC0000005) при выполнении кода по адресу 0x7682EE84 в функции ungetwc(). Попытка прочесть данные по адресу 0x73206649 в модуле C:\WINDOWS\System32\msvcrt.dll. Спасибо _txVectoredExceptionHandler(), что сообщил. Люблю его <3

С помощью функции signal() вы можете сами обработать эту ошибку.

#2: TXLib [Ver: 00173a, Rev: 174, Date: 2025-08-17 06:00:49 +0400], Instance: 0x006D83DC (32-bit), Flags: Cmdre0, Thread: 0x66A4 (Main), GetLastError(): 183 (Невозможно создать файл, так как он уже существует). 

--------------------------------------------------
Стек вызовов:

# 0 0x7682EE84 in C:\WINDOWS\System32\msvcrt.dll: ungetwc()
# 1 0x76827030 in C:\WINDOWS\System32\msvcrt.dll: fprintf()

# 2 0x004B6667 in C:\Новая папка\onegin\strsort\solver.exe: strlen_1() at C:/Новая папка/onegin/strsort/SizeFunctions.cpp:31:

     29: int strlen_1 (const char *str) {
     30:     assert(str != NULL);
=>   31:     fprintf(stderr, "str = %s\n", str);
     32:     int i = 0;
     33:     assert(str != NULL);

# 3 0x004E3F7F in C:\Новая папка\onegin\strsort\solver.exe: comparator() at C:/Новая папка/onegin/strsort/SortFunctions.cpp:21:

     19:     const char *str1 = *(char* const*) par1;
     20:     const char *str2 = *(char* const*) par2;
=>   21:     int l1 = strlen_1(str1);
     22:     printf("myau");
     23:     int l2 = strlen_1(str2);

# 4 0x004E42F7 in C:\Новая папка\onegin\strsort\solver.exe: my_sort() at C:/Новая папка/onegin/strsort/SortFunctions.cpp:164:

    162:           //  printf("%p\n", array_of_ptr[j]);
    163:             //printf("%d", t);
=>  164:             if (my_compare(array_of_ptr[j], array_of_ptr[j+1]) > 0) {
    165:                 printf("myau1");
    166:                 char *c = array_of_ptr[j];

# 5 0x0042DA29 in C:\Новая папка\onegin\strsort\solver.exe: main() at C:/Новая папка/onegin/strsort/main.cpp:85:

     83: 
     84:     printf("printing arrays after sorting by start\n");
=>   85:     my_sort (&text_sorted, comparator);
     86:     printf("%p", text_sorted.array_of_pointers);
     87:     fprintf(stdout, "line1 = %s\n", text_sorted.array_of_pointers[0]);

--------------------------------------------------
Developed with:

The Dumb Artist Library (TX Library)
TXLib [Ver: 00173a, Rev: 174, Date: 2025-08-17 06:00:49 +0400]
Copyright (C) Ded (Ilya Dedinsky, http://txlib.ru) <mail@txlib.ru>
See license on: http://txlib.ru

TXLib file:	c:\codeblocks\codeblocks\mingw\include\txlib.h
Compiled:	Sep 24 2025 23:08:04, GNU g++ 4.8.1, std=201103L, MinGW Runtime 3.20, 32-bit, DEBUG
Started:	Sep 24 2025 23:08:12

Run file:	C:\Новая папка\onegin\strsort\solver.exe
Directory:	C:\Новая папка\onegin\strsort

--------------------------------------------------

--------------------------------------------------
TXLib предупреждает:

Программа: C:\Новая папка\onegin\strsort\solver.exe,

ВНЕЗАПНО: Нарушение доступа к памяти.

#1: Исключение EXCEPTION_ACCESS_VIOLATION (0xC0000005) при выполнении кода по адресу 0x0042F215 в функции my_strlen() в файле C:/Новая папка/onegin/strsort/SizeFunctions.cpp на строке 36. Попытка прочесть данные по адресу 0x73206649 в модуле C:\Новая папка\onegin\strsort\solver.exe. Спасибо _txVectoredExceptionHandler(), что сообщил. Люблю его <3

#1: TXLib [Ver: 00173a, Rev: 174, Date: 2025-08-17 06:00:49 +0400], Instance: 0x005081DC (32-bit), Flags: Cmdre0, Thread: 0x353C (Main), GetLastError(): 183 (Невозможно создать файл, так как он уже существует). 

--------------------------------------------------
Стек вызовов:

# 0 0x0042F215 in C:\Новая папка\onegin\strsort\solver.exe: my_strlen() at C:/Новая папка/onegin/strsort/SizeFunctions.cpp:36:

     34:     int i = 0;
     35:     assert(str != NULL);
=>   36:     while (str[i] != '\0' && str[i] != '\n') {
     37:         assert(str != NULL);
     38:         printf("meow");

# 1 0x0042F3BE in C:\Новая папка\onegin\strsort\solver.exe: comparator_reverse() at C:/Новая папка/onegin/strsort/SortFunctions.cpp:44:

     42:     const char *str1 =  *(const char * const*) par1;
     43:     const char *str2 =  *(const char * const*) par2;
=>   44:     int l1 = my_strlen(str1);
     45:     int l2 = my_strlen(str2);
     46:     printf("meow");

# 2 0x0042F5ED in C:\Новая папка\onegin\strsort\solver.exe: my_sort() at C:/Новая папка/onegin/strsort/SortFunctions.cpp:107:

    105:     for (i = 0; i < str_count - 1; i++) {
    106:         for (j = 0; j < str_count - 1 - i; j++) {
=>  107:             if (my_compare(array_of_ptr[j], array_of_ptr[j+1]) > 0) {
    108:                 printf("meow");
    109:                 char *c = array_of_ptr[j];

# 3 0x0042D919 in C:\Новая папка\onegin\strsort\solver.exe: main() at C:/Новая папка/onegin/strsort/main.cpp:23:

     21:     //put_text(&text_sorted);
     22: 
=>   23:     my_sort (&text_sorted_from_end, comparator_reverse);
     24:     //qsort (text_sorted_from_end.array_of_pointers, text_sorted_from_end.lines_count, sizeof(char *), comparator_reverse);
     25:     put_text (&text_sorted_from_end);

--------------------------------------------------
Developed with:

The Dumb Artist Library (TX Library)
TXLib [Ver: 00173a, Rev: 174, Date: 2025-08-17 06:00:49 +0400]
Copyright (C) Ded (Ilya Dedinsky, http://txlib.ru) <mail@txlib.ru>
See license on: http://txlib.ru

TXLib file:	c:\codeblocks\codeblocks\mingw\include\txlib.h
Compiled:	Oct  4 2025 14:27:32, GNU g++ 4.8.1, std=201103L, MinGW Runtime 3.20, 32-bit, DEBUG
Started:	Oct 04 2025 14:27:38

Run file:	C:\Новая папка\onegin\strsort\solver.exe
Directory:	C:\Новая папка\onegin\strsort

--------------------------------------------------

--------------------------------------------------
TXLib соболезнует...

Программа: C:\Новая папка\onegin\strsort\solver.exe,

ВНЕЗАПНО: signal (11, 0x00): SIGSEGV: Доступ по неверному указателю. Ставьте ассерты! 

Нарушение доступа к памяти.

#1: Исключение EXCEPTION_ACCESS_VIOLATION (0xC0000005) при выполнении кода по адресу 0x0042F215 в функции my_strlen() в файле C:/Новая папка/onegin/strsort/SizeFunctions.cpp на строке 36. Попытка прочесть данные по адресу 0x73206649 в модуле C:\Новая папка\onegin\strsort\solver.exe. Спасибо _txVectoredExceptionHandler(), что сообщил. Люблю его <3

С помощью функции signal() вы можете сами обработать эту ошибку.

#2: TXLib [Ver: 00173a, Rev: 174, Date: 2025-08-17 06:00:49 +0400], Instance: 0x005081DC (32-bit), Flags: Cmdre0, Thread: 0x353C (Main), GetLastError(): 183 (Невозможно создать файл, так как он уже существует). 

--------------------------------------------------
Стек вызовов:

# 0 0x0042F215 in C:\Новая папка\onegin\strsort\solver.exe: my_strlen() at C:/Новая папка/onegin/strsort/SizeFunctions.cpp:36:

     34:     int i = 0;
     35:     assert(str != NULL);
=>   36:     while (str[i] != '\0' && str[i] != '\n') {
     37:         assert(str != NULL);
     38:         printf("meow");

# 1 0x0042F3BE in C:\Новая папка\onegin\strsort\solver.exe: comparator_reverse() at C:/Новая папка/onegin/strsort/SortFunctions.cpp:44:

     42:     const char *str1 =  *(const char * const*) par1;
     43:     const char *str2 =  *(const char * const*) par2;
=>   44:     int l1 = my_strlen(str1);
     45:     int l2 = my_strlen(str2);
     46:     printf("meow");

# 2 0x0042F5ED in C:\Новая папка\onegin\strsort\solver.exe: my_sort() at C:/Новая папка/onegin/strsort/SortFunctions.cpp:107:

    105:     for (i = 0; i < str_count - 1; i++) {
    106:         for (j = 0; j < str_count - 1 - i; j++) {
=>  107:             if (my_compare(array_of_ptr[j], array_of_ptr[j+1]) > 0) {
    108:                 printf("meow");
    109:                 char *c = array_of_ptr[j];

# 3 0x0042D919 in C:\Новая папка\onegin\strsort\solver.exe: main() at C:/Новая папка/onegin/strsort/main.cpp:23:

     21:     //put_text(&text_sorted);
     22: 
=>   23:     my_sort (&text_sorted_from_end, comparator_reverse);
     24:     //qsort (text_sorted_from_end.array_of_pointers, text_sorted_from_end.lines_count, sizeof(char *), comparator_reverse);
     25:     put_text (&text_sorted_from_end);

--------------------------------------------------
Developed with:

The Dumb Artist Library (TX Library)
TXLib [Ver: 00173a, Rev: 174, Date: 2025-08-17 06:00:49 +0400]
Copyright (C) Ded (Ilya Dedinsky, http://txlib.ru) <mail@txlib.ru>
See license on: http://txlib.ru

TXLib file:	c:\codeblocks\codeblocks\mingw\include\txlib.h
Compiled:	Oct  4 2025 14:27:32, GNU g++ 4.8.1, std=201103L, MinGW Runtime 3.20, 32-bit, DEBUG
Started:	Oct 04 2025 14:27:38

Run file:	C:\Новая папка\onegin\strsort\solver.exe
Directory:	C:\Новая папка\onegin\strsort

--------------------------------------------------

--------------------------------------------------
TXLib предупреждает:

Программа: C:\Новая папка\onegin\strsort\solver.exe,

ВНЕЗАПНО: Нарушение доступа к памяти.

#1: Исключение EXCEPTION_ACCESS_VIOLATION (0xC0000005) при выполнении кода по адресу 0x0042F215 в функции my_strlen() в файле C:/Новая папка/onegin/strsort/SizeFunctions.cpp на строке 36. Попытка прочесть данные по адресу 0x73206649 в модуле C:\Новая папка\onegin\strsort\solver.exe. Спасибо _txVectoredExceptionHandler(), что сообщил. Люблю его <3

#1: TXLib [Ver: 00173a, Rev: 174, Date: 2025-08-17 06:00:49 +0400], Instance: 0x005081DC (32-bit), Flags: Cmdre0, Thread: 0x5FF8 (Main), GetLastError(): 183 (Невозможно создать файл, так как он уже существует). 

--------------------------------------------------
Стек вызовов:

# 0 0x0042F215 in C:\Новая папка\onegin\strsort\solver.exe: my_strlen() at C:/Новая папка/onegin/strsort/SizeFunctions.cpp:36:

     34:     int i = 0;
     35:     assert(str != NULL);
=>   36:     while (str[i] != '\0' && str[i] != '\n') {
     37:         assert(str != NULL);
     38:         printf("meow");

# 1 0x0042F3BE in C:\Новая папка\onegin\strsort\solver.exe: comparator_reverse() at C:/Новая папка/onegin/strsort/SortFunctions.cpp:44:

     42:     const char *str1 =  *(const char**) par1;
     43:     const char *str2 =  *(const char**) par2;
=>   44:     int l1 = my_strlen(str1);
     45:     int l2 = my_strlen(str2);
     46:     printf("meow");

# 2 0x0042F5ED in C:\Новая папка\onegin\strsort\solver.exe: my_sort() at C:/Новая папка/onegin/strsort/SortFunctions.cpp:107:

    105:     for (i = 0; i < str_count - 1; i++) {
    106:         for (j = 0; j < str_count - 1 - i; j++) {
=>  107:             if (my_compare(array_of_ptr[j], array_of_ptr[j+1]) > 0) {
    108:                 printf("meow");
    109:                 char *c = array_of_ptr[j];

# 3 0x0042D919 in C:\Новая папка\onegin\strsort\solver.exe: main() at C:/Новая папка/onegin/strsort/main.cpp:23:

     21:     //put_text(&text_sorted);
     22: 
=>   23:     my_sort (&text_sorted_from_end, comparator_reverse);
     24:     //qsort (text_sorted_from_end.array_of_pointers, text_sorted_from_end.lines_count, sizeof(char *), comparator_reverse);
     25:     put_text (&text_sorted_from_end);

--------------------------------------------------
Developed with:

The Dumb Artist Library (TX Library)
TXLib [Ver: 00173a, Rev: 174, Date: 2025-08-17 06:00:49 +0400]
Copyright (C) Ded (Ilya Dedinsky, http://txlib.ru) <mail@txlib.ru>
See license on: http://txlib.ru

TXLib file:	c:\codeblocks\codeblocks\mingw\include\txlib.h
Compiled:	Oct  4 2025 14:31:09, GNU g++ 4.8.1, std=201103L, MinGW Runtime 3.20, 32-bit, DEBUG
Started:	Oct 04 2025 14:31:20

Run file:	C:\Новая папка\onegin\strsort\solver.exe
Directory:	C:\Новая папка\onegin\strsort

--------------------------------------------------

--------------------------------------------------
TXLib соболезнует...

Программа: C:\Новая папка\onegin\strsort\solver.exe,

ВНЕЗАПНО: signal (11, 0x00): SIGSEGV: Доступ по неверному указателю. Ставьте ассерты! 

Нарушение доступа к памяти.

#1: Исключение EXCEPTION_ACCESS_VIOLATION (0xC0000005) при выполнении кода по адресу 0x0042F215 в функции my_strlen() в файле C:/Новая папка/onegin/strsort/SizeFunctions.cpp на строке 36. Попытка прочесть данные по адресу 0x73206649 в модуле C:\Новая папка\onegin\strsort\solver.exe. Спасибо _txVectoredExceptionHandler(), что сообщил. Люблю его <3

С помощью функции signal() вы можете сами обработать эту ошибку.

#2: TXLib [Ver: 00173a, Rev: 174, Date: 2025-08-17 06:00:49 +0400], Instance: 0x005081DC (32-bit), Flags: Cmdre0, Thread: 0x5FF8 (Main), GetLastError(): 183 (Невозможно создать файл, так как он уже существует). 

--------------------------------------------------
Стек вызовов:

# 0 0x0042F215 in C:\Новая папка\onegin\strsort\solver.exe: my_strlen() at C:/Новая папка/onegin/strsort/SizeFunctions.cpp:36:

     34:     int i = 0;
     35:     assert(str != NULL);
=>   36:     while (str[i] != '\0' && str[i] != '\n') {
     37:         assert(str != NULL);
     38:         printf("meow");

# 1 0x0042F3BE in C:\Новая папка\onegin\strsort\solver.exe: comparator_reverse() at C:/Новая папка/onegin/strsort/SortFunctions.cpp:44:

     42:     const char *str1 =  *(const char**) par1;
     43:     const char *str2 =  *(const char**) par2;
=>   44:     int l1 = my_strlen(str1);
     45:     int l2 = my_strlen(str2);
     46:     printf("meow");

# 2 0x0042F5ED in C:\Новая папка\onegin\strsort\solver.exe: my_sort() at C:/Новая папка/onegin/strsort/SortFunctions.cpp:107:

    105:     for (i = 0; i < str_count - 1; i++) {
    106:         for (j = 0; j < str_count - 1 - i; j++) {
=>  107:             if (my_compare(array_of_ptr[j], array_of_ptr[j+1]) > 0) {
    108:                 printf("meow");
    109:                 char *c = array_of_ptr[j];

# 3 0x0042D919 in C:\Новая папка\onegin\strsort\solver.exe: main() at C:/Новая папка/onegin/strsort/main.cpp:23:

     21:     //put_text(&text_sorted);
     22: 
=>   23:     my_sort (&text_sorted_from_end, comparator_reverse);
     24:     //qsort (text_sorted_from_end.array_of_pointers, text_sorted_from_end.lines_count, sizeof(char *), comparator_reverse);
     25:     put_text (&text_sorted_from_end);

--------------------------------------------------
Developed with:

The Dumb Artist Library (TX Library)
TXLib [Ver: 00173a, Rev: 174, Date: 2025-08-17 06:00:49 +0400]
Copyright (C) Ded (Ilya Dedinsky, http://txlib.ru) <mail@txlib.ru>
See license on: http://txlib.ru

TXLib file:	c:\codeblocks\codeblocks\mingw\include\txlib.h
Compiled:	Oct  4 2025 14:31:09, GNU g++ 4.8.1, std=201103L, MinGW Runtime 3.20, 32-bit, DEBUG
Started:	Oct 04 2025 14:31:20

Run file:	C:\Новая папка\onegin\strsort\solver.exe
Directory:	C:\Новая папка\onegin\strsort

--------------------------------------------------
